Using pre-set license
Built from '2020.3/staging' branch; Version is '2020.3.4f1 (0abb6314276a) revision 703331'; Using compiler version '192528614'; Build Type 'Release'
OS: 'Windows 10 Pro; OS build 19045.2728; Version 2009; 64bit' Language: 'it' Physical Memory: 32697 MB
BatchMode: 1, IsHumanControllingUs: 0, StartBugReporterOnCrash: 0, Is64bit: 1, IsPro: 0

 COMMAND LINE ARGUMENTS:
C:\Program Files\Unity\Hub\Editor\2020.3.4f1\Editor\Unity.exe
-adb2
-batchMode
-noUpm
-name
AssetImportWorker0
-projectPath
E:/Desktop/GIT/roguelike/Roguelike
-logFile
Logs/AssetImportWorker0.log
-srvPort
63324
Successfully changed project path to: E:/Desktop/GIT/roguelike/Roguelike
E:/Desktop/GIT/roguelike/Roguelike
Using Asset Import Pipeline V2.
Refreshing native plugins compatible for Editor in 31.62 ms, found 1 plugins.
Preloading 0 native plugins for Editor in 0.00 ms.
Initialize engine version: 2020.3.4f1 (0abb6314276a)
[Subsystems] Discovering subsystems at path C:/Program Files/Unity/Hub/Editor/2020.3.4f1/Editor/Data/Resources/UnitySubsystems
[Subsystems] Discovering subsystems at path E:/Desktop/GIT/roguelike/Roguelike/Assets
GfxDevice: creating device client; threaded=0
Direct3D:
    Version:  Direct3D 11.0 [level 11.1]
    Renderer: NVIDIA GeForce GTX 1060 6GB (ID=0x1c03)
    Vendor:   
    VRAM:     6043 MB
    Driver:   31.0.15.3141
Initialize mono
Mono path[0] = 'C:/Program Files/Unity/Hub/Editor/2020.3.4f1/Editor/Data/Managed'
Mono path[1] = 'C:/Program Files/Unity/Hub/Editor/2020.3.4f1/Editor/Data/MonoBleedingEdge/lib/mono/unityjit'
Mono config path = 'C:/Program Files/Unity/Hub/Editor/2020.3.4f1/Editor/Data/MonoBleedingEdge/etc'
Using monoOptions --debugger-agent=transport=dt_socket,embedding=1,server=y,suspend=n,address=127.0.0.1:56812
Begin MonoManager ReloadAssembly
Registering precompiled unity dll's ...
Register platform support module: C:/Program Files/Unity/Hub/Editor/2020.3.4f1/Editor/Data/PlaybackEngines/WebGLSupport/UnityEditor.WebGL.Extensions.dll
Register platform support module: C:/Program Files/Unity/Hub/Editor/2020.3.4f1/Editor/Data/PlaybackEngines/WindowsStandaloneSupport/UnityEditor.WindowsStandalone.Extensions.dll
Registered in 0.002890 seconds.
Native extension for WindowsStandalone target not found
Native extension for WebGL target not found
Refreshing native plugins compatible for Editor in 32.00 ms, found 1 plugins.
Preloading 0 native plugins for Editor in 0.00 ms.
Mono: successfully reloaded assembly
- Completed reload, in  2.187 seconds
Platform modules already initialized, skipping
Registering precompiled user dll's ...
Registered in 0.000874 seconds.
Begin MonoManager ReloadAssembly
Native extension for WindowsStandalone target not found
Native extension for WebGL target not found
Refreshing native plugins compatible for Editor in 30.25 ms, found 1 plugins.
Preloading 0 native plugins for Editor in 0.00 ms.
Mono: successfully reloaded assembly
- Completed reload, in  0.819 seconds
Platform modules already initialized, skipping
========================================================================
Worker process is ready to serve import requests
Launched and connected shader compiler UnityShaderCompiler.exe after 0.06 seconds
Refreshing native plugins compatible for Editor in 0.27 ms, found 1 plugins.
Preloading 0 native plugins for Editor in 0.00 ms.
Unloading 1830 Unused Serialized files (Serialized files now loaded: 0)
System memory in use before: 87.6 MB.
System memory in use after: 87.5 MB.

Unloading 23 unused Assets to reduce memory usage. Loaded Objects now: 2277.
Total: 1.914600 ms (FindLiveObjects: 0.235600 ms CreateObjectMapping: 0.092600 ms MarkObjects: 1.492900 ms  DeleteObjects: 0.092600 ms)

========================================================================
Received Import Request.
  path: Assets/_Udemy Roguelike/Tilesets
  artifactKey: Guid(fccff44b84cca3a47938c5faa1e4d2dd) Importer(815301076,1909f56bfc062723c751e8b465ee728b)
Start importing Assets/_Udemy Roguelike/Tilesets using Guid(fccff44b84cca3a47938c5faa1e4d2dd) Importer(815301076,1909f56bfc062723c751e8b465ee728b)  -> (artifact id: 'c92d9114e1b93c43fef17377958ece9d') in 0.012866 seconds
  Import took 0.015047 seconds .

========================================================================
Received Import Request.
  Time since last request: 0.553632 seconds.
  path: Assets/_Udemy Roguelike/Art/Map
  artifactKey: Guid(fc43b647b4c230f4fb6cd050ce2b54ad) Importer(815301076,1909f56bfc062723c751e8b465ee728b)
Start importing Assets/_Udemy Roguelike/Art/Map using Guid(fc43b647b4c230f4fb6cd050ce2b54ad) Importer(815301076,1909f56bfc062723c751e8b465ee728b)  -> (artifact id: 'a826386e3355a94541508ed8bfcaf61c') in 0.008374 seconds
  Import took 0.011241 seconds .

========================================================================
Received Import Request.
  Time since last request: 23.044048 seconds.
  path: Assets/Scripts/Breakable.cs
  artifactKey: Guid(ad3afd7fabc61e34781aa85004529a25) Importer(815301076,1909f56bfc062723c751e8b465ee728b)
Start importing Assets/Scripts/Breakable.cs using Guid(ad3afd7fabc61e34781aa85004529a25) Importer(815301076,1909f56bfc062723c751e8b465ee728b)  -> (artifact id: 'bbf75c5f70acca9ff2fe21ad465e934e') in 0.053077 seconds
  Import took 0.055597 seconds .

========================================================================
Received Prepare
Registering precompiled user dll's ...
Registered in 0.001304 seconds.
Begin MonoManager ReloadAssembly
Native extension for WindowsStandalone target not found
Native extension for WebGL target not found
Refreshing native plugins compatible for Editor in 0.55 ms, found 1 plugins.
Preloading 0 native plugins for Editor in 0.00 ms.
Mono: successfully reloaded assembly
- Completed reload, in  2.240 seconds
Platform modules already initialized, skipping
Refreshing native plugins compatible for Editor in 0.35 ms, found 1 plugins.
Preloading 0 native plugins for Editor in 0.00 ms.
Unloading 1813 Unused Serialized files (Serialized files now loaded: 0)
System memory in use before: 86.3 MB.
System memory in use after: 86.3 MB.

Unloading 12 unused Assets to reduce memory usage. Loaded Objects now: 2282.
Total: 1.814800 ms (FindLiveObjects: 0.164700 ms CreateObjectMapping: 0.055800 ms MarkObjects: 1.500800 ms  DeleteObjects: 0.092400 ms)

========================================================================
Received Prepare
Registering precompiled user dll's ...
Registered in 0.001242 seconds.
Begin MonoManager ReloadAssembly
Native extension for WindowsStandalone target not found
Native extension for WebGL target not found
Refreshing native plugins compatible for Editor in 0.28 ms, found 1 plugins.
Preloading 0 native plugins for Editor in 0.00 ms.
Mono: successfully reloaded assembly
- Completed reload, in  0.817 seconds
Platform modules already initialized, skipping
Refreshing native plugins compatible for Editor in 0.28 ms, found 1 plugins.
Preloading 0 native plugins for Editor in 0.00 ms.
Unloading 1813 Unused Serialized files (Serialized files now loaded: 0)
System memory in use before: 86.3 MB.
System memory in use after: 86.3 MB.

Unloading 12 unused Assets to reduce memory usage. Loaded Objects now: 2286.
Total: 1.969400 ms (FindLiveObjects: 0.157200 ms CreateObjectMapping: 0.067200 ms MarkObjects: 1.650500 ms  DeleteObjects: 0.093100 ms)

========================================================================
Received Prepare
Registering precompiled user dll's ...
Registered in 0.000858 seconds.
Begin MonoManager ReloadAssembly
Native extension for WindowsStandalone target not found
Native extension for WebGL target not found
Refreshing native plugins compatible for Editor in 0.28 ms, found 1 plugins.
Preloading 0 native plugins for Editor in 0.00 ms.
Mono: successfully reloaded assembly
- Completed reload, in  0.777 seconds
Platform modules already initialized, skipping
Refreshing native plugins compatible for Editor in 0.49 ms, found 1 plugins.
Preloading 0 native plugins for Editor in 0.00 ms.
Unloading 1813 Unused Serialized files (Serialized files now loaded: 0)
System memory in use before: 86.3 MB.
System memory in use after: 86.3 MB.

Unloading 12 unused Assets to reduce memory usage. Loaded Objects now: 2290.
Total: 1.936700 ms (FindLiveObjects: 0.190300 ms CreateObjectMapping: 0.063400 ms MarkObjects: 1.554900 ms  DeleteObjects: 0.126800 ms)

========================================================================
Received Prepare
Registering precompiled user dll's ...
Registered in 0.000806 seconds.
Begin MonoManager ReloadAssembly
Native extension for WindowsStandalone target not found
Native extension for WebGL target not found
Refreshing native plugins compatible for Editor in 0.28 ms, found 1 plugins.
Preloading 0 native plugins for Editor in 0.00 ms.
Mono: successfully reloaded assembly
- Completed reload, in  0.779 seconds
Platform modules already initialized, skipping
Refreshing native plugins compatible for Editor in 0.28 ms, found 1 plugins.
Preloading 0 native plugins for Editor in 0.00 ms.
Unloading 1813 Unused Serialized files (Serialized files now loaded: 0)
System memory in use before: 86.4 MB.
System memory in use after: 86.3 MB.

Unloading 12 unused Assets to reduce memory usage. Loaded Objects now: 2294.
Total: 1.705900 ms (FindLiveObjects: 0.163100 ms CreateObjectMapping: 0.068200 ms MarkObjects: 1.388500 ms  DeleteObjects: 0.085000 ms)

========================================================================
Received Prepare
Registering precompiled user dll's ...
Registered in 0.000839 seconds.
Begin MonoManager ReloadAssembly
Native extension for WindowsStandalone target not found
Native extension for WebGL target not found
Refreshing native plugins compatible for Editor in 0.29 ms, found 1 plugins.
Preloading 0 native plugins for Editor in 0.00 ms.
Mono: successfully reloaded assembly
- Completed reload, in  0.793 seconds
Platform modules already initialized, skipping
Refreshing native plugins compatible for Editor in 0.28 ms, found 1 plugins.
Preloading 0 native plugins for Editor in 0.00 ms.
Unloading 1813 Unused Serialized files (Serialized files now loaded: 0)
System memory in use before: 86.4 MB.
System memory in use after: 86.3 MB.

Unloading 12 unused Assets to reduce memory usage. Loaded Objects now: 2298.
Total: 1.949800 ms (FindLiveObjects: 0.150700 ms CreateObjectMapping: 0.064200 ms MarkObjects: 1.650000 ms  DeleteObjects: 0.084000 ms)

========================================================================
Received Prepare
Registering precompiled user dll's ...
Registered in 0.000861 seconds.
Begin MonoManager ReloadAssembly
Native extension for WindowsStandalone target not found
Native extension for WebGL target not found
Refreshing native plugins compatible for Editor in 0.29 ms, found 1 plugins.
Preloading 0 native plugins for Editor in 0.00 ms.
Mono: successfully reloaded assembly
- Completed reload, in  0.833 seconds
Platform modules already initialized, skipping
Refreshing native plugins compatible for Editor in 0.56 ms, found 1 plugins.
Preloading 0 native plugins for Editor in 0.00 ms.
Unloading 1813 Unused Serialized files (Serialized files now loaded: 0)
System memory in use before: 86.4 MB.
System memory in use after: 86.4 MB.

Unloading 12 unused Assets to reduce memory usage. Loaded Objects now: 2302.
Total: 3.606200 ms (FindLiveObjects: 0.320000 ms CreateObjectMapping: 0.257600 ms MarkObjects: 2.851700 ms  DeleteObjects: 0.174800 ms)

========================================================================
Received Import Request.
  Time since last request: 383.838791 seconds.
  path: Assets/Prefab/TerrainObjects/Spikes.prefab
  artifactKey: Guid(adc94109ef243b64eb903dd9c31c9c9f) Importer(815301076,1909f56bfc062723c751e8b465ee728b)
Start importing Assets/Prefab/TerrainObjects/Spikes.prefab using Guid(adc94109ef243b64eb903dd9c31c9c9f) Importer(815301076,1909f56bfc062723c751e8b465ee728b)  -> (artifact id: '0af545ba7ea6f950a7ed6e63250160fc') in 0.075049 seconds
  Import took 0.079212 seconds .

========================================================================
Received Import Request.
  Time since last request: 4.448435 seconds.
  path: Assets/Prefab/TerrainObjects/Box
  artifactKey: Guid(9729a5916047e6f4a95b8befc680d3ef) Importer(815301076,1909f56bfc062723c751e8b465ee728b)
Start importing Assets/Prefab/TerrainObjects/Box using Guid(9729a5916047e6f4a95b8befc680d3ef) Importer(815301076,1909f56bfc062723c751e8b465ee728b)  -> (artifact id: 'eb2fbf6b22be4fb3b8ee789a97abb945') in 0.002309 seconds
  Import took 0.004925 seconds .

========================================================================
Received Import Request.
  Time since last request: 3.599559 seconds.
  path: Assets/Prefab/TerrainObjects/Box/Box.prefab
  artifactKey: Guid(fca55e4824f90a249b095144846b59de) Importer(815301076,1909f56bfc062723c751e8b465ee728b)
Start importing Assets/Prefab/TerrainObjects/Box/Box.prefab using Guid(fca55e4824f90a249b095144846b59de) Importer(815301076,1909f56bfc062723c751e8b465ee728b)  -> (artifact id: '496daa1687a88c5f459a42f2b5620cc5') in 0.007407 seconds
  Import took 0.009944 seconds .

========================================================================
Received Import Request.
  Time since last request: 0.005370 seconds.
  path: Assets/Prefab/TerrainObjects/Box/Box.prefab
  artifactKey: Guid(fca55e4824f90a249b095144846b59de) Importer(815301076,1909f56bfc062723c751e8b465ee728b)
Start importing Assets/Prefab/TerrainObjects/Box/Box.prefab using Guid(fca55e4824f90a249b095144846b59de) Importer(815301076,1909f56bfc062723c751e8b465ee728b)  -> (artifact id: '496daa1687a88c5f459a42f2b5620cc5') in 0.007697 seconds
  Import took 0.010528 seconds .

========================================================================
Received Import Request.
  Time since last request: 1.500314 seconds.
  path: Assets/Prefab/TerrainObjects/Box/Broken1.prefab
  artifactKey: Guid(4c5bb843055558d448801b83e5bc3b15) Importer(815301076,1909f56bfc062723c751e8b465ee728b)
Start importing Assets/Prefab/TerrainObjects/Box/Broken1.prefab using Guid(4c5bb843055558d448801b83e5bc3b15) Importer(815301076,1909f56bfc062723c751e8b465ee728b)  -> (artifact id: '793b2d8ed50f4e9f9621fe6d2b0e6357') in 0.007310 seconds
  Import took 0.009806 seconds .

========================================================================
Received Import Request.
  Time since last request: 0.013844 seconds.
  path: Assets/Prefab/TerrainObjects/Box/Broken1.prefab
  artifactKey: Guid(4c5bb843055558d448801b83e5bc3b15) Importer(815301076,1909f56bfc062723c751e8b465ee728b)
Start importing Assets/Prefab/TerrainObjects/Box/Broken1.prefab using Guid(4c5bb843055558d448801b83e5bc3b15) Importer(815301076,1909f56bfc062723c751e8b465ee728b)  -> (artifact id: '793b2d8ed50f4e9f9621fe6d2b0e6357') in 0.006703 seconds
  Import took 0.009099 seconds .

========================================================================
Received Prepare
Registering precompiled user dll's ...
Registered in 0.000841 seconds.
Begin MonoManager ReloadAssembly
Native extension for WindowsStandalone target not found
Native extension for WebGL target not found
Refreshing native plugins compatible for Editor in 0.29 ms, found 1 plugins.
Preloading 0 native plugins for Editor in 0.00 ms.
Mono: successfully reloaded assembly
- Completed reload, in  0.777 seconds
Platform modules already initialized, skipping
Refreshing native plugins compatible for Editor in 0.29 ms, found 1 plugins.
Preloading 0 native plugins for Editor in 0.00 ms.
Unloading 1813 Unused Serialized files (Serialized files now loaded: 0)
System memory in use before: 89.5 MB.
System memory in use after: 89.5 MB.

Unloading 12 unused Assets to reduce memory usage. Loaded Objects now: 2313.
Total: 1.799900 ms (FindLiveObjects: 0.141300 ms CreateObjectMapping: 0.055200 ms MarkObjects: 1.520600 ms  DeleteObjects: 0.082100 ms)

========================================================================
Received Import Request.
  Time since last request: 96.271800 seconds.
  path: Assets/Prefab/TerrainObjects/Box/Box.prefab
  artifactKey: Guid(fca55e4824f90a249b095144846b59de) Importer(815301076,1909f56bfc062723c751e8b465ee728b)
Start importing Assets/Prefab/TerrainObjects/Box/Box.prefab using Guid(fca55e4824f90a249b095144846b59de) Importer(815301076,1909f56bfc062723c751e8b465ee728b)  -> (artifact id: 'bf0aba2573fb48cf2ce1cac5fdf48560') in 0.044467 seconds
  Import took 0.047258 seconds .

========================================================================
Received Prepare
Registering precompiled user dll's ...
Registered in 0.000875 seconds.
Begin MonoManager ReloadAssembly
Native extension for WindowsStandalone target not found
Native extension for WebGL target not found
Refreshing native plugins compatible for Editor in 0.28 ms, found 1 plugins.
Preloading 0 native plugins for Editor in 0.00 ms.
Mono: successfully reloaded assembly
- Completed reload, in  0.836 seconds
Platform modules already initialized, skipping
Refreshing native plugins compatible for Editor in 0.32 ms, found 1 plugins.
Preloading 0 native plugins for Editor in 0.00 ms.
Unloading 1813 Unused Serialized files (Serialized files now loaded: 0)
System memory in use before: 89.5 MB.
System memory in use after: 89.5 MB.

Unloading 12 unused Assets to reduce memory usage. Loaded Objects now: 2318.
Total: 1.826700 ms (FindLiveObjects: 0.164800 ms CreateObjectMapping: 0.068600 ms MarkObjects: 1.496200 ms  DeleteObjects: 0.096000 ms)

========================================================================
Received Prepare
Registering precompiled user dll's ...
Registered in 0.000870 seconds.
Begin MonoManager ReloadAssembly
Native extension for WindowsStandalone target not found
Native extension for WebGL target not found
Refreshing native plugins compatible for Editor in 0.29 ms, found 1 plugins.
Preloading 0 native plugins for Editor in 0.00 ms.
Mono: successfully reloaded assembly
- Completed reload, in  0.739 seconds
Platform modules already initialized, skipping
Refreshing native plugins compatible for Editor in 0.32 ms, found 1 plugins.
Preloading 0 native plugins for Editor in 0.00 ms.
Unloading 1813 Unused Serialized files (Serialized files now loaded: 0)
System memory in use before: 89.5 MB.
System memory in use after: 89.5 MB.

Unloading 12 unused Assets to reduce memory usage. Loaded Objects now: 2322.
Total: 2.963200 ms (FindLiveObjects: 0.295400 ms CreateObjectMapping: 0.130400 ms MarkObjects: 2.405800 ms  DeleteObjects: 0.130000 ms)

========================================================================
Received Import Request.
  Time since last request: 91.850905 seconds.
  path: Assets/Prefab/TerrainObjects/Box/Broken2.prefab
  artifactKey: Guid(9bbcf90ec07cf8344a9c85dd95afb490) Importer(815301076,1909f56bfc062723c751e8b465ee728b)
Start importing Assets/Prefab/TerrainObjects/Box/Broken2.prefab using Guid(9bbcf90ec07cf8344a9c85dd95afb490) Importer(815301076,1909f56bfc062723c751e8b465ee728b)  -> (artifact id: '957d6accc6813e5f66407b4553f50478') in 0.052174 seconds
  Import took 0.055213 seconds .

========================================================================
Received Import Request.
  Time since last request: 0.928030 seconds.
  path: Assets/Prefab/TerrainObjects/Box/Broken3.prefab
  artifactKey: Guid(afd522f6940f3e8428cacf2923901b52) Importer(815301076,1909f56bfc062723c751e8b465ee728b)
Start importing Assets/Prefab/TerrainObjects/Box/Broken3.prefab using Guid(afd522f6940f3e8428cacf2923901b52) Importer(815301076,1909f56bfc062723c751e8b465ee728b)  -> (artifact id: '0872f3aafb96186e924bae0a4b76f9f8') in 0.008186 seconds
  Import took 0.011286 seconds .

========================================================================
Received Import Request.
  Time since last request: 0.002592 seconds.
  path: Assets/Prefab/TerrainObjects/Box/Broken3.prefab
  artifactKey: Guid(afd522f6940f3e8428cacf2923901b52) Importer(815301076,1909f56bfc062723c751e8b465ee728b)
Start importing Assets/Prefab/TerrainObjects/Box/Broken3.prefab using Guid(afd522f6940f3e8428cacf2923901b52) Importer(815301076,1909f56bfc062723c751e8b465ee728b)  -> (artifact id: '0872f3aafb96186e924bae0a4b76f9f8') in 0.006985 seconds
  Import took 0.010156 seconds .

========================================================================
Received Import Request.
  Time since last request: 1.165886 seconds.
  path: Assets/Prefab/TerrainObjects/Box/Broken4.prefab
  artifactKey: Guid(c8790ba512c14404192ff61787040b3c) Importer(815301076,1909f56bfc062723c751e8b465ee728b)
Start importing Assets/Prefab/TerrainObjects/Box/Broken4.prefab using Guid(c8790ba512c14404192ff61787040b3c) Importer(815301076,1909f56bfc062723c751e8b465ee728b)  -> (artifact id: 'd02d635fdd787796301eb0093192403a') in 0.008096 seconds
  Import took 0.010518 seconds .

========================================================================
Received Import Request.
  Time since last request: 1.264025 seconds.
  path: Assets/Prefab/TerrainObjects/Box/Broken5.prefab
  artifactKey: Guid(afa65ad4d9ff4194c9ad5b3f56ad1403) Importer(815301076,1909f56bfc062723c751e8b465ee728b)
Start importing Assets/Prefab/TerrainObjects/Box/Broken5.prefab using Guid(afa65ad4d9ff4194c9ad5b3f56ad1403) Importer(815301076,1909f56bfc062723c751e8b465ee728b)  -> (artifact id: 'b6cc6a8189f05eed0e97a85aebee83b6') in 0.008051 seconds
  Import took 0.012164 seconds .

========================================================================
Received Import Request.
  Time since last request: 0.000628 seconds.
  path: Assets/Prefab/TerrainObjects/Box/Broken5.prefab
  artifactKey: Guid(afa65ad4d9ff4194c9ad5b3f56ad1403) Importer(815301076,1909f56bfc062723c751e8b465ee728b)
Start importing Assets/Prefab/TerrainObjects/Box/Broken5.prefab using Guid(afa65ad4d9ff4194c9ad5b3f56ad1403) Importer(815301076,1909f56bfc062723c751e8b465ee728b)  -> (artifact id: 'b6cc6a8189f05eed0e97a85aebee83b6') in 0.007223 seconds
  Import took 0.012278 seconds .

========================================================================
Received Import Request.
  Time since last request: 1.247128 seconds.
  path: Assets/Prefab/TerrainObjects/Box/Broken6.prefab
  artifactKey: Guid(b1653f0e735535444b000f10fea7a460) Importer(815301076,1909f56bfc062723c751e8b465ee728b)
Start importing Assets/Prefab/TerrainObjects/Box/Broken6.prefab using Guid(b1653f0e735535444b000f10fea7a460) Importer(815301076,1909f56bfc062723c751e8b465ee728b)  -> (artifact id: '82f2f351e9685fa9a26602b58c9b7fb3') in 0.010663 seconds
  Import took 0.013481 seconds .

========================================================================
Received Prepare
Registering precompiled user dll's ...
Registered in 0.000813 seconds.
Begin MonoManager ReloadAssembly
Native extension for WindowsStandalone target not found
Native extension for WebGL target not found
Refreshing native plugins compatible for Editor in 0.28 ms, found 1 plugins.
Preloading 0 native plugins for Editor in 0.00 ms.
Mono: successfully reloaded assembly
- Completed reload, in  0.810 seconds
Platform modules already initialized, skipping
Refreshing native plugins compatible for Editor in 0.54 ms, found 1 plugins.
Preloading 0 native plugins for Editor in 0.00 ms.
Unloading 1813 Unused Serialized files (Serialized files now loaded: 0)
System memory in use before: 89.5 MB.
System memory in use after: 89.5 MB.

Unloading 12 unused Assets to reduce memory usage. Loaded Objects now: 2327.
Total: 3.222400 ms (FindLiveObjects: 0.243500 ms CreateObjectMapping: 0.096700 ms MarkObjects: 2.702500 ms  DeleteObjects: 0.178600 ms)

========================================================================
Received Prepare
Registering precompiled user dll's ...
Registered in 0.000852 seconds.
Begin MonoManager ReloadAssembly
Native extension for WindowsStandalone target not found
Native extension for WebGL target not found
Refreshing native plugins compatible for Editor in 0.29 ms, found 1 plugins.
Preloading 0 native plugins for Editor in 0.00 ms.
Mono: successfully reloaded assembly
- Completed reload, in  0.757 seconds
Platform modules already initialized, skipping
Refreshing native plugins compatible for Editor in 0.62 ms, found 1 plugins.
Preloading 0 native plugins for Editor in 0.00 ms.
Unloading 1813 Unused Serialized files (Serialized files now loaded: 0)
System memory in use before: 89.5 MB.
System memory in use after: 89.5 MB.

Unloading 12 unused Assets to reduce memory usage. Loaded Objects now: 2331.
Total: 3.166900 ms (FindLiveObjects: 0.380300 ms CreateObjectMapping: 0.113600 ms MarkObjects: 2.518000 ms  DeleteObjects: 0.153100 ms)

========================================================================
Received Prepare
Registering precompiled user dll's ...
Registered in 0.001276 seconds.
Begin MonoManager ReloadAssembly
Native extension for WindowsStandalone target not found
Native extension for WebGL target not found
Refreshing native plugins compatible for Editor in 0.28 ms, found 1 plugins.
Preloading 0 native plugins for Editor in 0.00 ms.
Mono: successfully reloaded assembly
- Completed reload, in  0.776 seconds
Platform modules already initialized, skipping
Refreshing native plugins compatible for Editor in 0.34 ms, found 1 plugins.
Preloading 0 native plugins for Editor in 0.00 ms.
Unloading 1813 Unused Serialized files (Serialized files now loaded: 0)
System memory in use before: 89.6 MB.
System memory in use after: 89.5 MB.

Unloading 12 unused Assets to reduce memory usage. Loaded Objects now: 2335.
Total: 3.097900 ms (FindLiveObjects: 0.296300 ms CreateObjectMapping: 0.132300 ms MarkObjects: 2.528200 ms  DeleteObjects: 0.139500 ms)

========================================================================
Received Prepare
Registering precompiled user dll's ...
Registered in 0.000832 seconds.
Begin MonoManager ReloadAssembly
Native extension for WindowsStandalone target not found
Native extension for WebGL target not found
Refreshing native plugins compatible for Editor in 0.28 ms, found 1 plugins.
Preloading 0 native plugins for Editor in 0.00 ms.
Mono: successfully reloaded assembly
- Completed reload, in  0.800 seconds
Platform modules already initialized, skipping
Refreshing native plugins compatible for Editor in 0.62 ms, found 1 plugins.
Preloading 0 native plugins for Editor in 0.00 ms.
Unloading 1813 Unused Serialized files (Serialized files now loaded: 0)
System memory in use before: 89.6 MB.
System memory in use after: 89.5 MB.

Unloading 12 unused Assets to reduce memory usage. Loaded Objects now: 2339.
Total: 3.182900 ms (FindLiveObjects: 0.317600 ms CreateObjectMapping: 0.143700 ms MarkObjects: 2.583600 ms  DeleteObjects: 0.135800 ms)

========================================================================
Received Prepare
Registering precompiled user dll's ...
Registered in 0.000839 seconds.
Begin MonoManager ReloadAssembly
Native extension for WindowsStandalone target not found
Native extension for WebGL target not found
Refreshing native plugins compatible for Editor in 0.34 ms, found 1 plugins.
Preloading 0 native plugins for Editor in 0.00 ms.
Mono: successfully reloaded assembly
- Completed reload, in  0.806 seconds
Platform modules already initialized, skipping
Refreshing native plugins compatible for Editor in 0.31 ms, found 1 plugins.
Preloading 0 native plugins for Editor in 0.00 ms.
Unloading 1813 Unused Serialized files (Serialized files now loaded: 0)
System memory in use before: 89.6 MB.
System memory in use after: 89.6 MB.

Unloading 12 unused Assets to reduce memory usage. Loaded Objects now: 2343.
Total: 1.810600 ms (FindLiveObjects: 0.177800 ms CreateObjectMapping: 0.062100 ms MarkObjects: 1.470500 ms  DeleteObjects: 0.099300 ms)

========================================================================
Received Prepare
Registering precompiled user dll's ...
Registered in 0.000806 seconds.
Begin MonoManager ReloadAssembly
Native extension for WindowsStandalone target not found
Native extension for WebGL target not found
Refreshing native plugins compatible for Editor in 0.29 ms, found 1 plugins.
Preloading 0 native plugins for Editor in 0.00 ms.
Mono: successfully reloaded assembly
- Completed reload, in  0.786 seconds
Platform modules already initialized, skipping
Refreshing native plugins compatible for Editor in 0.39 ms, found 1 plugins.
Preloading 0 native plugins for Editor in 0.00 ms.
Unloading 1813 Unused Serialized files (Serialized files now loaded: 0)
System memory in use before: 89.6 MB.
System memory in use after: 89.6 MB.

Unloading 12 unused Assets to reduce memory usage. Loaded Objects now: 2347.
Total: 1.769300 ms (FindLiveObjects: 0.137600 ms CreateObjectMapping: 0.051200 ms MarkObjects: 1.497300 ms  DeleteObjects: 0.082400 ms)

========================================================================
Received Prepare
Registering precompiled user dll's ...
Registered in 0.000884 seconds.
Begin MonoManager ReloadAssembly
Native extension for WindowsStandalone target not found
Native extension for WebGL target not found
Refreshing native plugins compatible for Editor in 0.28 ms, found 1 plugins.
Preloading 0 native plugins for Editor in 0.00 ms.
Mono: successfully reloaded assembly
- Completed reload, in  0.795 seconds
Platform modules already initialized, skipping
Refreshing native plugins compatible for Editor in 0.48 ms, found 1 plugins.
Preloading 0 native plugins for Editor in 0.00 ms.
Unloading 1813 Unused Serialized files (Serialized files now loaded: 0)
System memory in use before: 89.6 MB.
System memory in use after: 89.6 MB.

Unloading 12 unused Assets to reduce memory usage. Loaded Objects now: 2351.
Total: 3.147700 ms (FindLiveObjects: 0.305100 ms CreateObjectMapping: 0.116300 ms MarkObjects: 2.572300 ms  DeleteObjects: 0.151600 ms)

========================================================================
Received Prepare
Registering precompiled user dll's ...
Registered in 0.000828 seconds.
Begin MonoManager ReloadAssembly
Native extension for WindowsStandalone target not found
Native extension for WebGL target not found
Refreshing native plugins compatible for Editor in 0.29 ms, found 1 plugins.
Preloading 0 native plugins for Editor in 0.00 ms.
Mono: successfully reloaded assembly
- Completed reload, in  0.945 seconds
Platform modules already initialized, skipping
Refreshing native plugins compatible for Editor in 0.30 ms, found 1 plugins.
Preloading 0 native plugins for Editor in 0.00 ms.
Unloading 1813 Unused Serialized files (Serialized files now loaded: 0)
System memory in use before: 89.6 MB.
System memory in use after: 89.6 MB.

Unloading 12 unused Assets to reduce memory usage. Loaded Objects now: 2355.
Total: 1.752300 ms (FindLiveObjects: 0.211600 ms CreateObjectMapping: 0.066900 ms MarkObjects: 1.374500 ms  DeleteObjects: 0.098200 ms)

========================================================================
Received Import Request.
  Time since last request: 355.276591 seconds.
  path: Assets/Prefab/TerrainObjects/Box/Box.prefab
  artifactKey: Guid(fca55e4824f90a249b095144846b59de) Importer(815301076,1909f56bfc062723c751e8b465ee728b)
Start importing Assets/Prefab/TerrainObjects/Box/Box.prefab using Guid(fca55e4824f90a249b095144846b59de) Importer(815301076,1909f56bfc062723c751e8b465ee728b)  -> (artifact id: '64c174794c78f361e21c1ad9a41dea96') in 0.047782 seconds
  Import took 0.050532 seconds .

========================================================================
Received Prepare
Registering precompiled user dll's ...
Registered in 0.000810 seconds.
Begin MonoManager ReloadAssembly
Native extension for WindowsStandalone target not found
Native extension for WebGL target not found
Refreshing native plugins compatible for Editor in 0.28 ms, found 1 plugins.
Preloading 0 native plugins for Editor in 0.00 ms.
Mono: successfully reloaded assembly
- Completed reload, in  0.793 seconds
Platform modules already initialized, skipping
Refreshing native plugins compatible for Editor in 0.30 ms, found 1 plugins.
Preloading 0 native plugins for Editor in 0.00 ms.
Unloading 1813 Unused Serialized files (Serialized files now loaded: 0)
System memory in use before: 89.6 MB.
System memory in use after: 89.6 MB.

Unloading 12 unused Assets to reduce memory usage. Loaded Objects now: 2360.
Total: 1.870600 ms (FindLiveObjects: 0.137200 ms CreateObjectMapping: 0.052600 ms MarkObjects: 1.600200 ms  DeleteObjects: 0.080000 ms)

========================================================================
Received Prepare
Registering precompiled user dll's ...
Registered in 0.000785 seconds.
Begin MonoManager ReloadAssembly
Native extension for WindowsStandalone target not found
Native extension for WebGL target not found
Refreshing native plugins compatible for Editor in 0.29 ms, found 1 plugins.
Preloading 0 native plugins for Editor in 0.00 ms.
Mono: successfully reloaded assembly
- Completed reload, in  0.791 seconds
Platform modules already initialized, skipping
Refreshing native plugins compatible for Editor in 0.34 ms, found 1 plugins.
Preloading 0 native plugins for Editor in 0.00 ms.
Unloading 1813 Unused Serialized files (Serialized files now loaded: 0)
System memory in use before: 89.6 MB.
System memory in use after: 89.6 MB.

Unloading 12 unused Assets to reduce memory usage. Loaded Objects now: 2364.
Total: 2.830700 ms (FindLiveObjects: 0.497700 ms CreateObjectMapping: 0.266300 ms MarkObjects: 1.957800 ms  DeleteObjects: 0.107300 ms)

========================================================================
Received Prepare
Registering precompiled user dll's ...
Registered in 0.000852 seconds.
Begin MonoManager ReloadAssembly
Native extension for WindowsStandalone target not found
Native extension for WebGL target not found
Refreshing native plugins compatible for Editor in 0.29 ms, found 1 plugins.
Preloading 0 native plugins for Editor in 0.00 ms.
Mono: successfully reloaded assembly
- Completed reload, in  0.786 seconds
Platform modules already initialized, skipping
Refreshing native plugins compatible for Editor in 0.29 ms, found 1 plugins.
Preloading 0 native plugins for Editor in 0.00 ms.
Unloading 1813 Unused Serialized files (Serialized files now loaded: 0)
System memory in use before: 89.6 MB.
System memory in use after: 89.6 MB.

Unloading 12 unused Assets to reduce memory usage. Loaded Objects now: 2368.
Total: 2.701800 ms (FindLiveObjects: 0.250900 ms CreateObjectMapping: 0.090000 ms MarkObjects: 2.186400 ms  DeleteObjects: 0.173500 ms)

========================================================================
Received Import Request.
  Time since last request: 70.131365 seconds.
  path: Assets/Prefab/TerrainObjects/Box/Box.prefab
  artifactKey: Guid(fca55e4824f90a249b095144846b59de) Importer(815301076,1909f56bfc062723c751e8b465ee728b)
Start importing Assets/Prefab/TerrainObjects/Box/Box.prefab using Guid(fca55e4824f90a249b095144846b59de) Importer(815301076,1909f56bfc062723c751e8b465ee728b)  -> (artifact id: '728df369f51d2f04c27d3ebeddd50603') in 0.047592 seconds
  Import took 0.051536 seconds .

========================================================================
Received Prepare
Registering precompiled user dll's ...
Registered in 0.001243 seconds.
Begin MonoManager ReloadAssembly
Native extension for WindowsStandalone target not found
Native extension for WebGL target not found
Refreshing native plugins compatible for Editor in 0.30 ms, found 1 plugins.
Preloading 0 native plugins for Editor in 0.00 ms.
Mono: successfully reloaded assembly
- Completed reload, in  0.815 seconds
Platform modules already initialized, skipping
Refreshing native plugins compatible for Editor in 0.58 ms, found 1 plugins.
Preloading 0 native plugins for Editor in 0.00 ms.
Unloading 1814 Unused Serialized files (Serialized files now loaded: 0)
System memory in use before: 89.7 MB.
System memory in use after: 89.6 MB.

Unloading 12 unused Assets to reduce memory usage. Loaded Objects now: 2374.
Total: 3.340400 ms (FindLiveObjects: 0.292500 ms CreateObjectMapping: 0.158100 ms MarkObjects: 2.700600 ms  DeleteObjects: 0.187400 ms)

========================================================================
Received Prepare
Registering precompiled user dll's ...
Registered in 0.001190 seconds.
Begin MonoManager ReloadAssembly
Native extension for WindowsStandalone target not found
Native extension for WebGL target not found
Refreshing native plugins compatible for Editor in 0.28 ms, found 1 plugins.
Preloading 0 native plugins for Editor in 0.00 ms.
Mono: successfully reloaded assembly
- Completed reload, in  0.770 seconds
Platform modules already initialized, skipping
Refreshing native plugins compatible for Editor in 0.31 ms, found 1 plugins.
Preloading 0 native plugins for Editor in 0.00 ms.
Unloading 1814 Unused Serialized files (Serialized files now loaded: 0)
System memory in use before: 89.7 MB.
System memory in use after: 89.6 MB.

Unloading 12 unused Assets to reduce memory usage. Loaded Objects now: 2378.
Total: 1.738800 ms (FindLiveObjects: 0.166600 ms CreateObjectMapping: 0.066900 ms MarkObjects: 1.414700 ms  DeleteObjects: 0.089800 ms)

========================================================================
Received Prepare
Registering precompiled user dll's ...
Registered in 0.000967 seconds.
Begin MonoManager ReloadAssembly
Native extension for WindowsStandalone target not found
Native extension for WebGL target not found
Refreshing native plugins compatible for Editor in 0.29 ms, found 1 plugins.
Preloading 0 native plugins for Editor in 0.00 ms.
Mono: successfully reloaded assembly
- Completed reload, in  0.771 seconds
Platform modules already initialized, skipping
Refreshing native plugins compatible for Editor in 0.29 ms, found 1 plugins.
Preloading 0 native plugins for Editor in 0.00 ms.
Unloading 1814 Unused Serialized files (Serialized files now loaded: 0)
System memory in use before: 89.7 MB.
System memory in use after: 89.7 MB.

Unloading 12 unused Assets to reduce memory usage. Loaded Objects now: 2382.
Total: 1.767200 ms (FindLiveObjects: 0.144700 ms CreateObjectMapping: 0.056500 ms MarkObjects: 1.479200 ms  DeleteObjects: 0.085900 ms)

========================================================================
Received Prepare
Registering precompiled user dll's ...
Registered in 0.000849 seconds.
Begin MonoManager ReloadAssembly
Native extension for WindowsStandalone target not found
Native extension for WebGL target not found
Refreshing native plugins compatible for Editor in 0.28 ms, found 1 plugins.
Preloading 0 native plugins for Editor in 0.00 ms.
Mono: successfully reloaded assembly
- Completed reload, in  0.772 seconds
Platform modules already initialized, skipping
Refreshing native plugins compatible for Editor in 0.52 ms, found 1 plugins.
Preloading 0 native plugins for Editor in 0.00 ms.
Unloading 1814 Unused Serialized files (Serialized files now loaded: 0)
System memory in use before: 89.7 MB.
System memory in use after: 89.7 MB.

Unloading 12 unused Assets to reduce memory usage. Loaded Objects now: 2386.
Total: 2.084800 ms (FindLiveObjects: 0.225200 ms CreateObjectMapping: 0.072700 ms MarkObjects: 1.680600 ms  DeleteObjects: 0.105400 ms)

========================================================================
Received Prepare
Registering precompiled user dll's ...
Registered in 0.000849 seconds.
Begin MonoManager ReloadAssembly
Native extension for WindowsStandalone target not found
Native extension for WebGL target not found
Refreshing native plugins compatible for Editor in 0.29 ms, found 1 plugins.
Preloading 0 native plugins for Editor in 0.00 ms.
Mono: successfully reloaded assembly
- Completed reload, in  0.789 seconds
Platform modules already initialized, skipping
Refreshing native plugins compatible for Editor in 0.28 ms, found 1 plugins.
Preloading 0 native plugins for Editor in 0.00 ms.
Unloading 1814 Unused Serialized files (Serialized files now loaded: 0)
System memory in use before: 89.7 MB.
System memory in use after: 89.7 MB.

Unloading 12 unused Assets to reduce memory usage. Loaded Objects now: 2390.
Total: 1.950900 ms (FindLiveObjects: 0.162900 ms CreateObjectMapping: 0.057300 ms MarkObjects: 1.638500 ms  DeleteObjects: 0.091500 ms)

========================================================================
Received Prepare
Registering precompiled user dll's ...
Registered in 0.000828 seconds.
Begin MonoManager ReloadAssembly
Native extension for WindowsStandalone target not found
Native extension for WebGL target not found
Refreshing native plugins compatible for Editor in 0.29 ms, found 1 plugins.
Preloading 0 native plugins for Editor in 0.00 ms.
Mono: successfully reloaded assembly
- Completed reload, in  0.787 seconds
Platform modules already initialized, skipping
Refreshing native plugins compatible for Editor in 0.77 ms, found 1 plugins.
Preloading 0 native plugins for Editor in 0.00 ms.
Unloading 1814 Unused Serialized files (Serialized files now loaded: 0)
System memory in use before: 89.7 MB.
System memory in use after: 89.7 MB.

Unloading 12 unused Assets to reduce memory usage. Loaded Objects now: 2394.
Total: 4.030800 ms (FindLiveObjects: 0.500100 ms CreateObjectMapping: 0.133500 ms MarkObjects: 3.291400 ms  DeleteObjects: 0.104500 ms)

========================================================================
Received Prepare
Registering precompiled user dll's ...
Registered in 0.001321 seconds.
Begin MonoManager ReloadAssembly
Native extension for WindowsStandalone target not found
Native extension for WebGL target not found
Refreshing native plugins compatible for Editor in 0.30 ms, found 1 plugins.
Preloading 0 native plugins for Editor in 0.00 ms.
Mono: successfully reloaded assembly
- Completed reload, in  0.822 seconds
Platform modules already initialized, skipping
Refreshing native plugins compatible for Editor in 0.84 ms, found 1 plugins.
Preloading 0 native plugins for Editor in 0.00 ms.
Unloading 1814 Unused Serialized files (Serialized files now loaded: 0)
System memory in use before: 89.7 MB.
System memory in use after: 89.7 MB.

Unloading 12 unused Assets to reduce memory usage. Loaded Objects now: 2398.
Total: 3.150900 ms (FindLiveObjects: 0.317800 ms CreateObjectMapping: 0.121300 ms MarkObjects: 2.558500 ms  DeleteObjects: 0.152000 ms)

========================================================================
Received Prepare
Registering precompiled user dll's ...
Registered in 0.001258 seconds.
Begin MonoManager ReloadAssembly
Native extension for WindowsStandalone target not found
Native extension for WebGL target not found
Refreshing native plugins compatible for Editor in 0.28 ms, found 1 plugins.
Preloading 0 native plugins for Editor in 0.00 ms.
Mono: successfully reloaded assembly
- Completed reload, in  0.746 seconds
Platform modules already initialized, skipping
Refreshing native plugins compatible for Editor in 0.34 ms, found 1 plugins.
Preloading 0 native plugins for Editor in 0.00 ms.
Unloading 1814 Unused Serialized files (Serialized files now loaded: 0)
System memory in use before: 89.7 MB.
System memory in use after: 89.7 MB.

Unloading 12 unused Assets to reduce memory usage. Loaded Objects now: 2402.
Total: 1.948100 ms (FindLiveObjects: 0.206500 ms CreateObjectMapping: 0.072000 ms MarkObjects: 1.565100 ms  DeleteObjects: 0.103000 ms)

========================================================================
Received Import Request.
  Time since last request: 505.243360 seconds.
  path: ProjectSettings/TagManager.asset
  artifactKey: Guid(00000000000000003000000000000000) Importer(815301076,1909f56bfc062723c751e8b465ee728b)
Start importing ProjectSettings/TagManager.asset using Guid(00000000000000003000000000000000) Importer(815301076,1909f56bfc062723c751e8b465ee728b)  -> (artifact id: 'fcbaf390260c411e409519b856e2c2f7') in 0.023114 seconds
  Import took 0.025887 seconds .

========================================================================
Received Import Request.
  Time since last request: 85.604328 seconds.
  path: Assets/Prefab/PlayerBullet.prefab
  artifactKey: Guid(92581a141567c8a4e91fc7a1c8644410) Importer(815301076,1909f56bfc062723c751e8b465ee728b)
Start importing Assets/Prefab/PlayerBullet.prefab using Guid(92581a141567c8a4e91fc7a1c8644410) Importer(815301076,1909f56bfc062723c751e8b465ee728b)  -> (artifact id: 'd0b47f212a6130808bf61acdf67de210') in 0.051477 seconds
  Import took 0.054774 seconds .

========================================================================
Received Import Request.
  Time since last request: 3.975485 seconds.
  path: Assets/Prefab/Enemies/SkeletonArrow.prefab
  artifactKey: Guid(8ac19885c6e6578489f0c5419a4ac691) Importer(815301076,1909f56bfc062723c751e8b465ee728b)
Start importing Assets/Prefab/Enemies/SkeletonArrow.prefab using Guid(8ac19885c6e6578489f0c5419a4ac691) Importer(815301076,1909f56bfc062723c751e8b465ee728b)  -> (artifact id: '1eaee5e597d2dea1d062694c09c4c88e') in 0.016012 seconds
  Import took 0.019168 seconds .

========================================================================
Received Import Request.
  Time since last request: 0.000338 seconds.
  path: Assets/Prefab/Enemies/SkeletonSword Variant.prefab
  artifactKey: Guid(d9dbb31dabc485344ad5a8d66b9a81be) Importer(815301076,1909f56bfc062723c751e8b465ee728b)
Start importing Assets/Prefab/Enemies/SkeletonSword Variant.prefab using Guid(d9dbb31dabc485344ad5a8d66b9a81be) Importer(815301076,1909f56bfc062723c751e8b465ee728b)  -> (artifact id: '3679bbf8694e3ac6cd4b7fba6b9e0c19') in 0.019724 seconds
  Import took 0.026816 seconds .

========================================================================
Received Import Request.
  Time since last request: 4.390731 seconds.
  path: Assets/Prefab/Enemies/Arrow.prefab
  artifactKey: Guid(880c566e36de9a147b3f0a79f04b4edc) Importer(815301076,1909f56bfc062723c751e8b465ee728b)
Start importing Assets/Prefab/Enemies/Arrow.prefab using Guid(880c566e36de9a147b3f0a79f04b4edc) Importer(815301076,1909f56bfc062723c751e8b465ee728b)  -> (artifact id: '1b4dbcea763b0bad6d1a782f4ae6e7e0') in 0.008986 seconds
  Import took 0.012777 seconds .

========================================================================
Received Prepare
Registering precompiled user dll's ...
Registered in 0.000841 seconds.
Begin MonoManager ReloadAssembly
Native extension for WindowsStandalone target not found
Native extension for WebGL target not found
Refreshing native plugins compatible for Editor in 0.29 ms, found 1 plugins.
Preloading 0 native plugins for Editor in 0.00 ms.
Mono: successfully reloaded assembly
- Completed reload, in  0.762 seconds
Platform modules already initialized, skipping
Refreshing native plugins compatible for Editor in 0.44 ms, found 1 plugins.
Preloading 0 native plugins for Editor in 0.00 ms.
Unloading 1814 Unused Serialized files (Serialized files now loaded: 0)
System memory in use before: 89.8 MB.
System memory in use after: 89.8 MB.

Unloading 13 unused Assets to reduce memory usage. Loaded Objects now: 2407.
Total: 1.713800 ms (FindLiveObjects: 0.129500 ms CreateObjectMapping: 0.048500 ms MarkObjects: 1.454200 ms  DeleteObjects: 0.080900 ms)

========================================================================
Received Prepare
Registering precompiled user dll's ...
Registered in 0.001133 seconds.
Begin MonoManager ReloadAssembly
Native extension for WindowsStandalone target not found
Native extension for WebGL target not found
Refreshing native plugins compatible for Editor in 0.28 ms, found 1 plugins.
Preloading 0 native plugins for Editor in 0.00 ms.
Mono: successfully reloaded assembly
- Completed reload, in  0.747 seconds
Platform modules already initialized, skipping
Refreshing native plugins compatible for Editor in 0.59 ms, found 1 plugins.
Preloading 0 native plugins for Editor in 0.00 ms.
Unloading 1814 Unused Serialized files (Serialized files now loaded: 0)
System memory in use before: 89.8 MB.
System memory in use after: 89.8 MB.

Unloading 12 unused Assets to reduce memory usage. Loaded Objects now: 2411.
Total: 3.239600 ms (FindLiveObjects: 0.330500 ms CreateObjectMapping: 0.192000 ms MarkObjects: 2.538700 ms  DeleteObjects: 0.176700 ms)

========================================================================
Received Prepare
Registering precompiled user dll's ...
Registered in 0.000949 seconds.
Begin MonoManager ReloadAssembly
Native extension for WindowsStandalone target not found
Native extension for WebGL target not found
Refreshing native plugins compatible for Editor in 0.31 ms, found 1 plugins.
Preloading 0 native plugins for Editor in 0.00 ms.
Mono: successfully reloaded assembly
- Completed reload, in  0.925 seconds
Platform modules already initialized, skipping
Refreshing native plugins compatible for Editor in 0.46 ms, found 1 plugins.
Preloading 0 native plugins for Editor in 0.00 ms.
Unloading 1814 Unused Serialized files (Serialized files now loaded: 0)
System memory in use before: 89.8 MB.
System memory in use after: 89.8 MB.

Unloading 12 unused Assets to reduce memory usage. Loaded Objects now: 2415.
Total: 1.852700 ms (FindLiveObjects: 0.177900 ms CreateObjectMapping: 0.071600 ms MarkObjects: 1.441600 ms  DeleteObjects: 0.160600 ms)

========================================================================
Received Prepare
Registering precompiled user dll's ...
Registered in 0.000785 seconds.
Begin MonoManager ReloadAssembly
Native extension for WindowsStandalone target not found
Native extension for WebGL target not found
Refreshing native plugins compatible for Editor in 0.28 ms, found 1 plugins.
Preloading 0 native plugins for Editor in 0.00 ms.
Mono: successfully reloaded assembly
- Completed reload, in  0.875 seconds
Platform modules already initialized, skipping
Refreshing native plugins compatible for Editor in 0.31 ms, found 1 plugins.
Preloading 0 native plugins for Editor in 0.00 ms.
Unloading 1814 Unused Serialized files (Serialized files now loaded: 0)
System memory in use before: 89.8 MB.
System memory in use after: 89.8 MB.

Unloading 12 unused Assets to reduce memory usage. Loaded Objects now: 2419.
Total: 1.935300 ms (FindLiveObjects: 0.265200 ms CreateObjectMapping: 0.110900 ms MarkObjects: 1.463300 ms  DeleteObjects: 0.094800 ms)

========================================================================
Received Prepare
Registering precompiled user dll's ...
Registered in 0.000876 seconds.
Begin MonoManager ReloadAssembly
Native extension for WindowsStandalone target not found
Native extension for WebGL target not found
Refreshing native plugins compatible for Editor in 0.28 ms, found 1 plugins.
Preloading 0 native plugins for Editor in 0.00 ms.
Mono: successfully reloaded assembly
- Completed reload, in  0.743 seconds
Platform modules already initialized, skipping
Refreshing native plugins compatible for Editor in 0.72 ms, found 1 plugins.
Preloading 0 native plugins for Editor in 0.00 ms.
Unloading 1814 Unused Serialized files (Serialized files now loaded: 0)
System memory in use before: 89.8 MB.
System memory in use after: 89.8 MB.

Unloading 12 unused Assets to reduce memory usage. Loaded Objects now: 2423.
Total: 3.074000 ms (FindLiveObjects: 0.214400 ms CreateObjectMapping: 0.114400 ms MarkObjects: 2.640600 ms  DeleteObjects: 0.102900 ms)

========================================================================
Received Import Request.
  Time since last request: 424.426269 seconds.
  path: ProjectSettings/TagManager.asset
  artifactKey: Guid(00000000000000003000000000000000) Importer(815301076,1909f56bfc062723c751e8b465ee728b)
Start importing ProjectSettings/TagManager.asset using Guid(00000000000000003000000000000000) Importer(815301076,1909f56bfc062723c751e8b465ee728b)  -> (artifact id: 'f711cd33caee553d4ea1489bdfa29e17') in 0.023978 seconds
  Import took 0.027087 seconds .

========================================================================
Received Import Request.
  Time since last request: 7.230017 seconds.
  path: ProjectSettings/TagManager.asset
  artifactKey: Guid(00000000000000003000000000000000) Importer(815301076,1909f56bfc062723c751e8b465ee728b)
Start importing ProjectSettings/TagManager.asset using Guid(00000000000000003000000000000000) Importer(815301076,1909f56bfc062723c751e8b465ee728b)  -> (artifact id: '08d10fb4797fc79b29c4e2146e8da04a') in 0.002291 seconds
  Import took 0.006649 seconds .

========================================================================
Received Prepare
Registering precompiled user dll's ...
Registered in 0.000879 seconds.
Begin MonoManager ReloadAssembly
Native extension for WindowsStandalone target not found
Native extension for WebGL target not found
Refreshing native plugins compatible for Editor in 0.31 ms, found 1 plugins.
Preloading 0 native plugins for Editor in 0.00 ms.
Mono: successfully reloaded assembly
- Completed reload, in  0.750 seconds
Platform modules already initialized, skipping
Refreshing native plugins compatible for Editor in 0.53 ms, found 1 plugins.
Preloading 0 native plugins for Editor in 0.00 ms.
Unloading 1814 Unused Serialized files (Serialized files now loaded: 0)
System memory in use before: 89.8 MB.
System memory in use after: 89.8 MB.

Unloading 14 unused Assets to reduce memory usage. Loaded Objects now: 2427.
Total: 2.204700 ms (FindLiveObjects: 0.291300 ms CreateObjectMapping: 0.124200 ms MarkObjects: 1.626500 ms  DeleteObjects: 0.161300 ms)

========================================================================
Received Import Request.
  Time since last request: 17.157665 seconds.
  path: Assets/Prefab/PlayerBullet.prefab
  artifactKey: Guid(92581a141567c8a4e91fc7a1c8644410) Importer(815301076,1909f56bfc062723c751e8b465ee728b)
Start importing Assets/Prefab/PlayerBullet.prefab using Guid(92581a141567c8a4e91fc7a1c8644410) Importer(815301076,1909f56bfc062723c751e8b465ee728b)  -> (artifact id: '75befa3b43cf790ef1d89c3d3e1b12b1') in 0.050309 seconds
  Import took 0.052902 seconds .

========================================================================
Received Import Request.
  Time since last request: 0.001340 seconds.
  path: Assets/Prefab/PlayerBullet.prefab
  artifactKey: Guid(92581a141567c8a4e91fc7a1c8644410) Importer(815301076,1909f56bfc062723c751e8b465ee728b)
Start importing Assets/Prefab/PlayerBullet.prefab using Guid(92581a141567c8a4e91fc7a1c8644410) Importer(815301076,1909f56bfc062723c751e8b465ee728b)  -> (artifact id: '75befa3b43cf790ef1d89c3d3e1b12b1') in 0.006570 seconds
  Import took 0.009263 seconds .

========================================================================
Received Import Request.
  Time since last request: 5.005727 seconds.
  path: Assets/Prefab/Enemies/Arrow.prefab
  artifactKey: Guid(880c566e36de9a147b3f0a79f04b4edc) Importer(815301076,1909f56bfc062723c751e8b465ee728b)
Start importing Assets/Prefab/Enemies/Arrow.prefab using Guid(880c566e36de9a147b3f0a79f04b4edc) Importer(815301076,1909f56bfc062723c751e8b465ee728b)  -> (artifact id: '15a1f6eb0385f6433c5bf3d64bf9cf20') in 0.031916 seconds
  Import took 0.035746 seconds .

========================================================================
Received Prepare
Registering precompiled user dll's ...
Registered in 0.000777 seconds.
Begin MonoManager ReloadAssembly
Native extension for WindowsStandalone target not found
Native extension for WebGL target not found
Refreshing native plugins compatible for Editor in 0.28 ms, found 1 plugins.
Preloading 0 native plugins for Editor in 0.00 ms.
Mono: successfully reloaded assembly
- Completed reload, in  0.777 seconds
Platform modules already initialized, skipping
Refreshing native plugins compatible for Editor in 0.28 ms, found 1 plugins.
Preloading 0 native plugins for Editor in 0.00 ms.
Unloading 1814 Unused Serialized files (Serialized files now loaded: 0)
System memory in use before: 89.8 MB.
System memory in use after: 89.8 MB.

Unloading 12 unused Assets to reduce memory usage. Loaded Objects now: 2432.
Total: 1.719200 ms (FindLiveObjects: 0.129100 ms CreateObjectMapping: 0.048200 ms MarkObjects: 1.460400 ms  DeleteObjects: 0.080600 ms)

========================================================================
Received Prepare
Registering precompiled user dll's ...
Registered in 0.000834 seconds.
Begin MonoManager ReloadAssembly
Native extension for WindowsStandalone target not found
Native extension for WebGL target not found
Refreshing native plugins compatible for Editor in 0.35 ms, found 1 plugins.
Preloading 0 native plugins for Editor in 0.00 ms.
Mono: successfully reloaded assembly
- Completed reload, in  0.818 seconds
Platform modules already initialized, skipping
Refreshing native plugins compatible for Editor in 0.77 ms, found 1 plugins.
Preloading 0 native plugins for Editor in 0.00 ms.
Unloading 1814 Unused Serialized files (Serialized files now loaded: 0)
System memory in use before: 89.8 MB.
System memory in use after: 89.8 MB.

Unloading 12 unused Assets to reduce memory usage. Loaded Objects now: 2436.
Total: 3.297200 ms (FindLiveObjects: 0.337800 ms CreateObjectMapping: 0.125500 ms MarkObjects: 2.658100 ms  DeleteObjects: 0.173700 ms)

========================================================================
Received Prepare
Registering precompiled user dll's ...
Registered in 0.000874 seconds.
Begin MonoManager ReloadAssembly
Native extension for WindowsStandalone target not found
Native extension for WebGL target not found
Refreshing native plugins compatible for Editor in 0.28 ms, found 1 plugins.
Preloading 0 native plugins for Editor in 0.00 ms.
Mono: successfully reloaded assembly
- Completed reload, in  0.758 seconds
Platform modules already initialized, skipping
Refreshing native plugins compatible for Editor in 0.46 ms, found 1 plugins.
Preloading 0 native plugins for Editor in 0.00 ms.
Unloading 1814 Unused Serialized files (Serialized files now loaded: 0)
System memory in use before: 89.9 MB.
System memory in use after: 89.8 MB.

Unloading 12 unused Assets to reduce memory usage. Loaded Objects now: 2440.
Total: 3.061900 ms (FindLiveObjects: 0.280000 ms CreateObjectMapping: 0.102700 ms MarkObjects: 2.522500 ms  DeleteObjects: 0.155000 ms)

========================================================================
Received Prepare
Registering precompiled user dll's ...
Registered in 0.000827 seconds.
Begin MonoManager ReloadAssembly
Native extension for WindowsStandalone target not found
Native extension for WebGL target not found
Refreshing native plugins compatible for Editor in 0.28 ms, found 1 plugins.
Preloading 0 native plugins for Editor in 0.00 ms.
Mono: successfully reloaded assembly
- Completed reload, in  0.757 seconds
Platform modules already initialized, skipping
Refreshing native plugins compatible for Editor in 0.57 ms, found 1 plugins.
Preloading 0 native plugins for Editor in 0.00 ms.
Unloading 1814 Unused Serialized files (Serialized files now loaded: 0)
System memory in use before: 89.9 MB.
System memory in use after: 89.8 MB.

Unloading 12 unused Assets to reduce memory usage. Loaded Objects now: 2444.
Total: 1.859500 ms (FindLiveObjects: 0.299900 ms CreateObjectMapping: 0.117400 ms MarkObjects: 1.341300 ms  DeleteObjects: 0.099700 ms)

========================================================================
Received Prepare
Registering precompiled user dll's ...
Registered in 0.000837 seconds.
Begin MonoManager ReloadAssembly
Native extension for WindowsStandalone target not found
Native extension for WebGL target not found
Refreshing native plugins compatible for Editor in 0.28 ms, found 1 plugins.
Preloading 0 native plugins for Editor in 0.00 ms.
Mono: successfully reloaded assembly
- Completed reload, in  0.788 seconds
Platform modules already initialized, skipping
Refreshing native plugins compatible for Editor in 0.38 ms, found 1 plugins.
Preloading 0 native plugins for Editor in 0.00 ms.
Unloading 1814 Unused Serialized files (Serialized files now loaded: 0)
System memory in use before: 89.9 MB.
System memory in use after: 89.8 MB.

Unloading 12 unused Assets to reduce memory usage. Loaded Objects now: 2448.
Total: 3.279300 ms (FindLiveObjects: 0.211000 ms CreateObjectMapping: 0.074700 ms MarkObjects: 2.809600 ms  DeleteObjects: 0.182500 ms)

========================================================================
Received Prepare
Registering precompiled user dll's ...
Registered in 0.001054 seconds.
Begin MonoManager ReloadAssembly
Native extension for WindowsStandalone target not found
Native extension for WebGL target not found
Refreshing native plugins compatible for Editor in 0.28 ms, found 1 plugins.
Preloading 0 native plugins for Editor in 0.00 ms.
Mono: successfully reloaded assembly
- Completed reload, in  0.780 seconds
Platform modules already initialized, skipping
Refreshing native plugins compatible for Editor in 0.51 ms, found 1 plugins.
Preloading 0 native plugins for Editor in 0.00 ms.
Unloading 1814 Unused Serialized files (Serialized files now loaded: 0)
System memory in use before: 89.9 MB.
System memory in use after: 89.9 MB.

Unloading 12 unused Assets to reduce memory usage. Loaded Objects now: 2452.
Total: 3.676200 ms (FindLiveObjects: 0.349600 ms CreateObjectMapping: 0.109900 ms MarkObjects: 3.059200 ms  DeleteObjects: 0.155800 ms)

========================================================================
Received Prepare
Registering precompiled user dll's ...
Registered in 0.000885 seconds.
Begin MonoManager ReloadAssembly
Native extension for WindowsStandalone target not found
Native extension for WebGL target not found
Refreshing native plugins compatible for Editor in 0.78 ms, found 1 plugins.
Preloading 0 native plugins for Editor in 0.00 ms.
Mono: successfully reloaded assembly
- Completed reload, in  0.947 seconds
Platform modules already initialized, skipping
Refreshing native plugins compatible for Editor in 0.31 ms, found 1 plugins.
Preloading 0 native plugins for Editor in 0.00 ms.
Unloading 1814 Unused Serialized files (Serialized files now loaded: 0)
System memory in use before: 89.9 MB.
System memory in use after: 89.9 MB.

Unloading 12 unused Assets to reduce memory usage. Loaded Objects now: 2456.
Total: 1.879600 ms (FindLiveObjects: 0.192700 ms CreateObjectMapping: 0.074000 ms MarkObjects: 1.518500 ms  DeleteObjects: 0.093400 ms)

========================================================================
Received Prepare
Registering precompiled user dll's ...
Registered in 0.000802 seconds.
Begin MonoManager ReloadAssembly
Native extension for WindowsStandalone target not found
Native extension for WebGL target not found
Refreshing native plugins compatible for Editor in 0.33 ms, found 1 plugins.
Preloading 0 native plugins for Editor in 0.00 ms.
Mono: successfully reloaded assembly
- Completed reload, in  0.806 seconds
Platform modules already initialized, skipping
Refreshing native plugins compatible for Editor in 0.40 ms, found 1 plugins.
Preloading 0 native plugins for Editor in 0.00 ms.
Unloading 1814 Unused Serialized files (Serialized files now loaded: 0)
System memory in use before: 89.9 MB.
System memory in use after: 89.9 MB.

Unloading 12 unused Assets to reduce memory usage. Loaded Objects now: 2460.
Total: 3.660000 ms (FindLiveObjects: 0.237800 ms CreateObjectMapping: 0.091900 ms MarkObjects: 3.146200 ms  DeleteObjects: 0.182400 ms)

========================================================================
Received Prepare
Registering precompiled user dll's ...
Registered in 0.000830 seconds.
Begin MonoManager ReloadAssembly
Native extension for WindowsStandalone target not found
Native extension for WebGL target not found
Refreshing native plugins compatible for Editor in 0.28 ms, found 1 plugins.
Preloading 0 native plugins for Editor in 0.00 ms.
Mono: successfully reloaded assembly
- Completed reload, in  0.745 seconds
Platform modules already initialized, skipping
Refreshing native plugins compatible for Editor in 0.53 ms, found 1 plugins.
Preloading 0 native plugins for Editor in 0.00 ms.
Unloading 1814 Unused Serialized files (Serialized files now loaded: 0)
System memory in use before: 89.9 MB.
System memory in use after: 89.9 MB.

Unloading 12 unused Assets to reduce memory usage. Loaded Objects now: 2464.
Total: 3.148800 ms (FindLiveObjects: 0.361200 ms CreateObjectMapping: 0.140000 ms MarkObjects: 2.541600 ms  DeleteObjects: 0.104000 ms)

========================================================================
Received Prepare
Registering precompiled user dll's ...
Registered in 0.000819 seconds.
Begin MonoManager ReloadAssembly
Native extension for WindowsStandalone target not found
Native extension for WebGL target not found
Refreshing native plugins compatible for Editor in 0.54 ms, found 1 plugins.
Preloading 0 native plugins for Editor in 0.00 ms.
Mono: successfully reloaded assembly
- Completed reload, in  0.796 seconds
Platform modules already initialized, skipping
Refreshing native plugins compatible for Editor in 0.45 ms, found 1 plugins.
Preloading 0 native plugins for Editor in 0.00 ms.
Unloading 1814 Unused Serialized files (Serialized files now loaded: 0)
System memory in use before: 89.9 MB.
System memory in use after: 89.9 MB.

Unloading 12 unused Assets to reduce memory usage. Loaded Objects now: 2468.
Total: 3.251400 ms (FindLiveObjects: 0.332100 ms CreateObjectMapping: 0.129200 ms MarkObjects: 2.608500 ms  DeleteObjects: 0.179500 ms)

========================================================================
Received Prepare
Registering precompiled user dll's ...
Registered in 0.000914 seconds.
Begin MonoManager ReloadAssembly
Native extension for WindowsStandalone target not found
Native extension for WebGL target not found
Refreshing native plugins compatible for Editor in 0.28 ms, found 1 plugins.
Preloading 0 native plugins for Editor in 0.00 ms.
Mono: successfully reloaded assembly
- Completed reload, in  0.775 seconds
Platform modules already initialized, skipping
Refreshing native plugins compatible for Editor in 0.58 ms, found 1 plugins.
Preloading 0 native plugins for Editor in 0.00 ms.
Unloading 1814 Unused Serialized files (Serialized files now loaded: 0)
System memory in use before: 89.9 MB.
System memory in use after: 89.9 MB.

Unloading 12 unused Assets to reduce memory usage. Loaded Objects now: 2472.
Total: 2.940300 ms (FindLiveObjects: 0.366300 ms CreateObjectMapping: 0.126200 ms MarkObjects: 2.317300 ms  DeleteObjects: 0.128900 ms)

========================================================================
Received Prepare
Registering precompiled user dll's ...
Registered in 0.000816 seconds.
Begin MonoManager ReloadAssembly
Native extension for WindowsStandalone target not found
Native extension for WebGL target not found
Refreshing native plugins compatible for Editor in 0.29 ms, found 1 plugins.
Preloading 0 native plugins for Editor in 0.00 ms.
Mono: successfully reloaded assembly
- Completed reload, in  0.732 seconds
Platform modules already initialized, skipping
Refreshing native plugins compatible for Editor in 0.56 ms, found 1 plugins.
Preloading 0 native plugins for Editor in 0.00 ms.
Unloading 1814 Unused Serialized files (Serialized files now loaded: 0)
System memory in use before: 89.9 MB.
System memory in use after: 89.9 MB.

Unloading 12 unused Assets to reduce memory usage. Loaded Objects now: 2476.
Total: 2.574500 ms (FindLiveObjects: 0.331700 ms CreateObjectMapping: 0.128400 ms MarkObjects: 1.997300 ms  DeleteObjects: 0.115000 ms)

========================================================================
Received Prepare
Registering precompiled user dll's ...
Registered in 0.001100 seconds.
Begin MonoManager ReloadAssembly
Native extension for WindowsStandalone target not found
Native extension for WebGL target not found
Refreshing native plugins compatible for Editor in 0.34 ms, found 1 plugins.
Preloading 0 native plugins for Editor in 0.00 ms.
Mono: successfully reloaded assembly
- Completed reload, in  0.798 seconds
Platform modules already initialized, skipping
Refreshing native plugins compatible for Editor in 0.54 ms, found 1 plugins.
Preloading 0 native plugins for Editor in 0.00 ms.
Unloading 1814 Unused Serialized files (Serialized files now loaded: 0)
System memory in use before: 89.9 MB.
System memory in use after: 89.9 MB.

Unloading 12 unused Assets to reduce memory usage. Loaded Objects now: 2480.
Total: 4.296300 ms (FindLiveObjects: 0.348800 ms CreateObjectMapping: 0.144400 ms MarkObjects: 3.662600 ms  DeleteObjects: 0.138900 ms)

========================================================================
Received Prepare
Registering precompiled user dll's ...
Registered in 0.000830 seconds.
Begin MonoManager ReloadAssembly
Native extension for WindowsStandalone target not found
Native extension for WebGL target not found
Refreshing native plugins compatible for Editor in 0.28 ms, found 1 plugins.
Preloading 0 native plugins for Editor in 0.00 ms.
Mono: successfully reloaded assembly
- Completed reload, in  0.760 seconds
Platform modules already initialized, skipping
Refreshing native plugins compatible for Editor in 0.66 ms, found 1 plugins.
Preloading 0 native plugins for Editor in 0.00 ms.
Unloading 1814 Unused Serialized files (Serialized files now loaded: 0)
System memory in use before: 89.9 MB.
System memory in use after: 89.9 MB.

Unloading 12 unused Assets to reduce memory usage. Loaded Objects now: 2484.
Total: 2.535300 ms (FindLiveObjects: 0.286400 ms CreateObjectMapping: 0.117100 ms MarkObjects: 1.964000 ms  DeleteObjects: 0.166000 ms)

========================================================================
Received Prepare
Registering precompiled user dll's ...
Registered in 0.000868 seconds.
Begin MonoManager ReloadAssembly
Native extension for WindowsStandalone target not found
Native extension for WebGL target not found
Refreshing native plugins compatible for Editor in 0.35 ms, found 1 plugins.
Preloading 0 native plugins for Editor in 0.00 ms.
Mono: successfully reloaded assembly
- Completed reload, in  1.040 seconds
Platform modules already initialized, skipping
Refreshing native plugins compatible for Editor in 0.28 ms, found 1 plugins.
Preloading 0 native plugins for Editor in 0.00 ms.
Unloading 1814 Unused Serialized files (Serialized files now loaded: 0)
System memory in use before: 90.0 MB.
System memory in use after: 90.0 MB.

Unloading 12 unused Assets to reduce memory usage. Loaded Objects now: 2488.
Total: 2.001600 ms (FindLiveObjects: 0.159300 ms CreateObjectMapping: 0.060500 ms MarkObjects: 1.695200 ms  DeleteObjects: 0.085900 ms)

========================================================================
Received Import Request.
  Time since last request: 621.517464 seconds.
  path: Assets/Prefab/Enemies/SkeletonArrow.prefab
  artifactKey: Guid(8ac19885c6e6578489f0c5419a4ac691) Importer(815301076,1909f56bfc062723c751e8b465ee728b)
Start importing Assets/Prefab/Enemies/SkeletonArrow.prefab using Guid(8ac19885c6e6578489f0c5419a4ac691) Importer(815301076,1909f56bfc062723c751e8b465ee728b)  -> (artifact id: '91e7410db0af853963661b7118614e06') in 0.052649 seconds
  Import took 0.057023 seconds .

========================================================================
Received Import Request.
  Time since last request: 0.000410 seconds.
  path: Assets/Prefab/Enemies/SkeletonSword Variant.prefab
  artifactKey: Guid(d9dbb31dabc485344ad5a8d66b9a81be) Importer(815301076,1909f56bfc062723c751e8b465ee728b)
Start importing Assets/Prefab/Enemies/SkeletonSword Variant.prefab using Guid(d9dbb31dabc485344ad5a8d66b9a81be) Importer(815301076,1909f56bfc062723c751e8b465ee728b)  -> (artifact id: 'fd102f1f41a8ee7ea45d49af60532013') in 0.013609 seconds
  Import took 0.016772 seconds .

========================================================================
Received Import Request.
  Time since last request: 7.690594 seconds.
  path: Assets/Prefab/Enemies/Arrow.prefab
  artifactKey: Guid(880c566e36de9a147b3f0a79f04b4edc) Importer(815301076,1909f56bfc062723c751e8b465ee728b)
Start importing Assets/Prefab/Enemies/Arrow.prefab using Guid(880c566e36de9a147b3f0a79f04b4edc) Importer(815301076,1909f56bfc062723c751e8b465ee728b)  -> (artifact id: 'b1a5d856a340f99dc1a612d9ca19068d') in 0.014985 seconds
  Import took 0.017910 seconds .

========================================================================
Received Prepare
Registering precompiled user dll's ...
Registered in 0.000883 seconds.
Begin MonoManager ReloadAssembly
Native extension for WindowsStandalone target not found
Native extension for WebGL target not found
Refreshing native plugins compatible for Editor in 0.29 ms, found 1 plugins.
Preloading 0 native plugins for Editor in 0.00 ms.
Mono: successfully reloaded assembly
- Completed reload, in  0.793 seconds
Platform modules already initialized, skipping
Refreshing native plugins compatible for Editor in 0.59 ms, found 1 plugins.
Preloading 0 native plugins for Editor in 0.00 ms.
Unloading 1814 Unused Serialized files (Serialized files now loaded: 0)
System memory in use before: 90.0 MB.
System memory in use after: 90.0 MB.

Unloading 12 unused Assets to reduce memory usage. Loaded Objects now: 2493.
Total: 2.853700 ms (FindLiveObjects: 0.281000 ms CreateObjectMapping: 0.087500 ms MarkObjects: 2.328300 ms  DeleteObjects: 0.155200 ms)

========================================================================
Received Prepare
Registering precompiled user dll's ...
Registered in 0.000853 seconds.
Begin MonoManager ReloadAssembly
Native extension for WindowsStandalone target not found
Native extension for WebGL target not found
Refreshing native plugins compatible for Editor in 0.30 ms, found 1 plugins.
Preloading 0 native plugins for Editor in 0.00 ms.
Mono: successfully reloaded assembly
- Completed reload, in  0.900 seconds
Platform modules already initialized, skipping
Refreshing native plugins compatible for Editor in 0.28 ms, found 1 plugins.
Preloading 0 native plugins for Editor in 0.00 ms.
Unloading 1814 Unused Serialized files (Serialized files now loaded: 0)
System memory in use before: 90.0 MB.
System memory in use after: 90.0 MB.

Unloading 12 unused Assets to reduce memory usage. Loaded Objects now: 2497.
Total: 2.110000 ms (FindLiveObjects: 0.258900 ms CreateObjectMapping: 0.071900 ms MarkObjects: 1.691700 ms  DeleteObjects: 0.086700 ms)

AssetImportWorkerClient::OnTransportError - code=2 error=End of file
